{"chainId":"9855a11e-99a8-4589-a5b1-bfa7bfae8b37","error":{},"level":"error","message":"Tool execution failed","timestamp":"2025-02-05T13:18:20.420Z","toolName":"data_transformer"}
{"chainId":"b0005778-ea11-4a20-8c9f-0c908a0bef69","error":{},"level":"error","message":"Tool execution failed","timestamp":"2025-02-05T13:18:20.441Z","toolName":"error_tool"}
{"chainId":"9dd76292-9c27-4f81-ae2a-2c61fdeb4afa","level":"warn","message":"Tool chain aborted","timestamp":"2025-02-05T13:18:20.452Z","toolName":"processor"}
{"chainId":"d86d3998-e770-4800-96d9-c31a06e99d72","error":{},"level":"error","message":"Tool execution failed","timestamp":"2025-02-05T13:18:20.457Z","toolName":"mapper"}
{"chainId":"b9407353-38a9-4515-bd30-3019f75ce2b4","error":{},"level":"error","message":"Tool execution failed","timestamp":"2025-02-05T13:30:02.847Z","toolName":"data_transformer"}
{"chainId":"5cc8377b-cec5-43a4-bda1-f3bb03d34320","error":{},"level":"error","message":"Tool execution failed","timestamp":"2025-02-05T13:30:02.868Z","toolName":"error_tool"}
{"chainId":"b795177c-a846-48ba-9b0b-80b7e13b9409","level":"warn","message":"Tool chain aborted","timestamp":"2025-02-05T13:30:02.878Z","toolName":"processor"}
{"chainId":"4d5bb5d8-c141-4d8b-b01a-ac4935b83e14","error":{},"level":"error","message":"Tool execution failed","timestamp":"2025-02-05T13:30:02.883Z","toolName":"mapper"}
{"chainId":"d28a8b6f-79f7-4178-99e2-621a1afd7165","level":"info","mappedKey":"fetchResult","message":"Mapped tool result","timestamp":"2025-02-05T13:32:42.783Z","toolName":"data_fetcher","value":{"data":"test_data"}}
{"chainId":"d28a8b6f-79f7-4178-99e2-621a1afd7165","error":{},"level":"error","message":"Tool execution failed","timestamp":"2025-02-05T13:32:42.786Z","toolName":"data_transformer"}
{"chainId":"4d94f2a7-3131-4313-aa6f-ac10a74f26ed","error":{},"level":"error","message":"Tool execution failed","timestamp":"2025-02-05T13:32:42.799Z","toolName":"error_tool"}
{"chainId":"9b5e76d2-8509-4f25-b7af-8299fc8ec5bc","level":"info","mappedKey":"counterResult","message":"Mapped tool result","timestamp":"2025-02-05T13:32:42.805Z","toolName":"counter","value":{"count":1}}
{"chainId":"9b5e76d2-8509-4f25-b7af-8299fc8ec5bc","level":"warn","message":"Tool chain aborted","timestamp":"2025-02-05T13:32:42.806Z","toolName":"processor"}
{"chainId":"ebba221d-ba03-41a0-bc75-f98405ba5b56","level":"info","mappedKey":"producerResult","message":"Mapped tool result","timestamp":"2025-02-05T13:32:42.813Z","toolName":"producer","value":{"value":[1,2,3]}}
{"chainId":"ebba221d-ba03-41a0-bc75-f98405ba5b56","error":{},"level":"error","message":"Tool execution failed","timestamp":"2025-02-05T13:32:42.815Z","toolName":"mapper"}
{"chainId":"b9da5f38-e69d-4c85-82ae-76fb4a9b042c","level":"info","mappedKey":"fetchResult","message":"Mapped tool result","timestamp":"2025-02-05T13:34:03.228Z","toolName":"data_fetcher","value":{"data":"test_data"}}
{"chainId":"b9da5f38-e69d-4c85-82ae-76fb4a9b042c","error":{},"level":"error","message":"Tool execution failed","timestamp":"2025-02-05T13:34:03.232Z","toolName":"data_transformer"}
{"chainId":"a5a3a735-4a57-485a-9eae-8e625d7a8e1d","error":{},"level":"error","message":"Tool execution failed","timestamp":"2025-02-05T13:34:03.243Z","toolName":"error_tool"}
{"chainId":"e86b8d0c-cccc-477c-b562-0a27e724107c","level":"info","mappedKey":"counterResult","message":"Mapped tool result","timestamp":"2025-02-05T13:34:03.250Z","toolName":"counter","value":{"count":1}}
{"chainId":"e86b8d0c-cccc-477c-b562-0a27e724107c","level":"warn","message":"Tool chain aborted","timestamp":"2025-02-05T13:34:03.250Z","toolName":"processor"}
{"chainId":"0b7dbfd5-e1a5-414d-8ff5-3b4d4cc19efa","level":"info","mappedKey":"producerResult","message":"Mapped tool result","timestamp":"2025-02-05T13:34:03.257Z","toolName":"producer","value":{"value":[1,2,3]}}
{"chainId":"0b7dbfd5-e1a5-414d-8ff5-3b4d4cc19efa","error":{},"level":"error","message":"Tool execution failed","timestamp":"2025-02-05T13:34:03.258Z","toolName":"mapper"}
{"chainId":"1e908ff9-e724-4d8d-bc6e-4c7e60d1a138","level":"info","mappedKey":"fetchResult","message":"Mapped tool result","timestamp":"2025-02-05T13:36:08.424Z","toolName":"data_fetcher","value":{"data":"test_data"}}
{"chainId":"1e908ff9-e724-4d8d-bc6e-4c7e60d1a138","level":"info","mappedKey":"transformResult","message":"Mapped tool result","timestamp":"2025-02-05T13:36:08.428Z","toolName":"data_transformer","value":{"transformed":"TEST_DATA"}}
{"chainId":"221fc29a-bf37-45bf-9051-8d470fb5f30e","level":"warn","message":"Tool chain aborted","timestamp":"2025-02-05T13:36:08.440Z","toolName":"error_tool"}
{"chainId":"fedc250e-cacb-497d-b5c4-18b3bf6e6c65","level":"info","mappedKey":"counterResult","message":"Mapped tool result","timestamp":"2025-02-05T13:36:08.445Z","toolName":"counter","value":{"count":1}}
{"chainId":"fedc250e-cacb-497d-b5c4-18b3bf6e6c65","level":"warn","message":"Tool chain aborted","timestamp":"2025-02-05T13:36:08.446Z","toolName":"processor"}
{"chainId":"b943f432-2489-4ec8-ad26-85ee97ce2f92","level":"info","mappedKey":"producerResult","message":"Mapped tool result","timestamp":"2025-02-05T13:36:08.450Z","toolName":"producer","value":{"value":[1,2,3]}}
{"chainId":"b943f432-2489-4ec8-ad26-85ee97ce2f92","error":{},"level":"error","message":"Tool execution failed","timestamp":"2025-02-05T13:36:08.451Z","toolName":"mapper"}
{"chainId":"39b19d5f-2e77-4cfc-b802-b6bf382a4c8d","level":"info","mappedKey":"fetchResult","message":"Mapped tool result","timestamp":"2025-02-05T13:37:23.575Z","toolName":"data_fetcher","value":{"data":"test_data"}}
{"chainId":"39b19d5f-2e77-4cfc-b802-b6bf382a4c8d","error":{},"level":"error","message":"Tool execution failed","timestamp":"2025-02-05T13:37:23.580Z","toolName":"data_transformer"}
{"chainId":"00ae5299-bd32-4d09-aafd-c2d9bd6fa9c9","error":{},"level":"error","message":"Tool execution failed","timestamp":"2025-02-05T13:37:23.595Z","toolName":"error_tool"}
{"chainId":"4d7481e2-9528-4999-9374-2e15812c1877","level":"info","mappedKey":"counterResult","message":"Mapped tool result","timestamp":"2025-02-05T13:37:23.601Z","toolName":"counter","value":{"count":1}}
{"chainId":"4d7481e2-9528-4999-9374-2e15812c1877","level":"warn","message":"Tool chain aborted","timestamp":"2025-02-05T13:37:23.602Z","toolName":"processor"}
{"chainId":"700436c9-b82c-402f-9a53-a45cf5188f5f","level":"info","mappedKey":"producerResult","message":"Mapped tool result","timestamp":"2025-02-05T13:37:23.609Z","toolName":"producer","value":{"value":[1,2,3]}}
{"chainId":"700436c9-b82c-402f-9a53-a45cf5188f5f","error":{},"level":"error","message":"Tool execution failed","timestamp":"2025-02-05T13:37:23.610Z","toolName":"mapper"}
{"chainId":"966044d3-823f-4b2e-8b73-387b11068ae7","level":"info","mappedKey":"fetchResult","message":"Mapped tool result","timestamp":"2025-02-05T13:38:46.603Z","toolName":"data_fetcher","value":{"data":"test_data"}}
{"chainId":"966044d3-823f-4b2e-8b73-387b11068ae7","level":"info","mappedKey":"transformResult","message":"Mapped tool result","timestamp":"2025-02-05T13:38:46.605Z","toolName":"data_transformer","value":{"transformed":"TEST_DATA"}}
{"error":"Test error","level":"error","message":"Tool execution error","timestamp":"2025-02-05T13:38:46.614Z","toolName":"error_tool"}
{"chainId":"b4c260c3-d3d5-45ef-a11d-b6c836998e70","error":{},"level":"error","message":"Tool execution failed","timestamp":"2025-02-05T13:38:46.615Z","toolName":"error_tool"}
{"chainId":"6634761a-1e3a-4b90-97f4-15a0affb85e2","level":"info","mappedKey":"counterResult","message":"Mapped tool result","timestamp":"2025-02-05T13:38:46.620Z","toolName":"counter","value":{"count":1}}
{"chainId":"6634761a-1e3a-4b90-97f4-15a0affb85e2","level":"warn","message":"Tool chain aborted","timestamp":"2025-02-05T13:38:46.621Z","toolName":"processor"}
{"chainId":"672e2c79-753f-4fc9-b552-2d4cfadc95d8","level":"info","mappedKey":"producerResult","message":"Mapped tool result","timestamp":"2025-02-05T13:38:46.626Z","toolName":"producer","value":{"value":[1,2,3]}}
{"chainId":"672e2c79-753f-4fc9-b552-2d4cfadc95d8","level":"info","mappedKey":"mapperResult","message":"Mapped tool result","timestamp":"2025-02-05T13:38:46.627Z","toolName":"mapper","value":{"mapped":[2,4,6]}}
