{"level":"info","message":"Cache completely cleared","timestamp":"2025-02-05T13:13:48.378Z"}
{"level":"info","message":"Cache completely cleared","timestamp":"2025-02-05T13:13:48.385Z"}
{"level":"info","message":"Cache completely cleared","timestamp":"2025-02-05T13:13:48.388Z"}
{"level":"info","message":"Cache completely cleared","timestamp":"2025-02-05T13:13:48.394Z"}
{"level":"info","message":"Cache completely cleared","timestamp":"2025-02-05T13:13:48.397Z"}
{"level":"info","message":"Cache completely cleared","timestamp":"2025-02-05T13:13:48.401Z"}
{"level":"info","message":"Cache invalidation","removedCount":2,"tags":["test"],"timestamp":"2025-02-05T13:13:48.404Z"}
{"level":"info","message":"Cache completely cleared","timestamp":"2025-02-05T13:13:48.407Z"}
{"level":"info","message":"Cache completely cleared","timestamp":"2025-02-05T13:13:48.410Z"}
{"level":"info","message":"Cache invalidation","removedCount":2,"timestamp":"2025-02-05T13:13:48.413Z","toolName":"invalidate_tool"}
{"level":"info","message":"Cache completely cleared","timestamp":"2025-02-05T13:13:48.415Z"}
{"level":"info","message":"Cleanup of unused cache entries","removedEntries":1,"timestamp":"2025-02-05T13:13:48.418Z","totalEntries":5}
{"level":"info","message":"Cache completely cleared","timestamp":"2025-02-05T13:13:48.420Z"}
{"currentMemory":53602472,"level":"warn","limit":52428800,"message":"Cache memory limit exceeded","timestamp":"2025-02-05T13:13:48.446Z","toolName":"memory_tool"}
{"level":"info","message":"Cache completely cleared","timestamp":"2025-02-05T13:13:48.448Z"}
{"currentMemory":53946872,"level":"warn","limit":52428800,"message":"Cache memory limit exceeded","timestamp":"2025-02-05T13:13:48.450Z","toolName":"usage_tool"}
{"level":"info","message":"Cache completely cleared","timestamp":"2025-02-05T13:13:48.453Z"}
{"hitRate":0,"level":"info","memoryUsage":54005920,"message":"Cache Performance","missRate":0,"timestamp":"2025-02-05T13:13:49.376Z","totalEntries":0,"totalHits":0,"totalMisses":0}
{"level":"warn","message":"Low cache hit rate, performing cleanup","timestamp":"2025-02-05T13:13:49.377Z"}
{"level":"info","message":"Cleanup of unused cache entries","removedEntries":0,"timestamp":"2025-02-05T13:13:49.377Z","totalEntries":0}
{"hitRate":0,"level":"info","memoryUsage":54036456,"message":"Cache Performance","missRate":0,"timestamp":"2025-02-05T13:13:49.391Z","totalEntries":0,"totalHits":0,"totalMisses":0}
{"hitRate":0,"level":"info","memoryUsage":54061112,"message":"Cache Performance","missRate":0,"timestamp":"2025-02-05T13:13:49.393Z","totalEntries":0,"totalHits":0,"totalMisses":0}
{"level":"warn","message":"Low cache hit rate, performing cleanup","timestamp":"2025-02-05T13:13:49.392Z"}
{"level":"info","message":"Cleanup of unused cache entries","removedEntries":0,"timestamp":"2025-02-05T13:13:49.392Z","totalEntries":0}
{"level":"warn","message":"Low cache hit rate, performing cleanup","timestamp":"2025-02-05T13:13:49.394Z"}
{"level":"info","message":"Cleanup of unused cache entries","removedEntries":0,"timestamp":"2025-02-05T13:13:49.395Z","totalEntries":0}
{"hitRate":0,"level":"info","memoryUsage":54088704,"message":"Cache Performance","missRate":0,"timestamp":"2025-02-05T13:13:49.406Z","totalEntries":0,"totalHits":0,"totalMisses":0}
{"hitRate":0,"level":"info","memoryUsage":54112384,"message":"Cache Performance","missRate":0,"timestamp":"2025-02-05T13:13:49.408Z","totalEntries":0,"totalHits":0,"totalMisses":0}
{"hitRate":0,"level":"info","memoryUsage":54135824,"message":"Cache Performance","missRate":0,"timestamp":"2025-02-05T13:13:49.409Z","totalEntries":0,"totalHits":0,"totalMisses":0}
{"hitRate":0,"level":"info","memoryUsage":54159264,"message":"Cache Performance","missRate":0,"timestamp":"2025-02-05T13:13:49.411Z","totalEntries":0,"totalHits":0,"totalMisses":0}
{"level":"warn","message":"Low cache hit rate, performing cleanup","timestamp":"2025-02-05T13:13:49.407Z"}
{"level":"info","message":"Cleanup of unused cache entries","removedEntries":0,"timestamp":"2025-02-05T13:13:49.407Z","totalEntries":0}
{"level":"warn","message":"Low cache hit rate, performing cleanup","timestamp":"2025-02-05T13:13:49.408Z"}
{"level":"warn","message":"Low cache hit rate, performing cleanup","timestamp":"2025-02-05T13:13:49.410Z"}
{"level":"info","message":"Cleanup of unused cache entries","removedEntries":0,"timestamp":"2025-02-05T13:13:49.409Z","totalEntries":0}
{"level":"info","message":"Cleanup of unused cache entries","removedEntries":0,"timestamp":"2025-02-05T13:13:49.410Z","totalEntries":0}
{"level":"warn","message":"Low cache hit rate, performing cleanup","timestamp":"2025-02-05T13:13:49.412Z"}
{"level":"info","message":"Cleanup of unused cache entries","removedEntries":0,"timestamp":"2025-02-05T13:13:49.413Z","totalEntries":0}
{"hitRate":0,"level":"info","memoryUsage":54190032,"message":"Cache Performance","missRate":0,"timestamp":"2025-02-05T13:13:49.414Z","totalEntries":0,"totalHits":0,"totalMisses":0}
{"hitRate":0,"level":"info","memoryUsage":54213760,"message":"Cache Performance","missRate":0,"timestamp":"2025-02-05T13:13:49.416Z","totalEntries":0,"totalHits":0,"totalMisses":0}
{"level":"warn","message":"Low cache hit rate, performing cleanup","timestamp":"2025-02-05T13:13:49.415Z"}
{"level":"info","message":"Cleanup of unused cache entries","removedEntries":0,"timestamp":"2025-02-05T13:13:49.415Z","totalEntries":0}
{"level":"warn","message":"Low cache hit rate, performing cleanup","timestamp":"2025-02-05T13:13:49.416Z"}
{"level":"info","message":"Cleanup of unused cache entries","removedEntries":0,"timestamp":"2025-02-05T13:13:49.417Z","totalEntries":0}
{"hitRate":0,"level":"info","memoryUsage":54242528,"message":"Cache Performance","missRate":0,"timestamp":"2025-02-05T13:13:49.418Z","totalEntries":0,"totalHits":0,"totalMisses":0}
{"level":"warn","message":"Low cache hit rate, performing cleanup","timestamp":"2025-02-05T13:13:49.419Z"}
{"level":"info","message":"Cleanup of unused cache entries","removedEntries":0,"timestamp":"2025-02-05T13:13:49.421Z","totalEntries":0}
{"hitRate":0,"level":"info","memoryUsage":54269896,"message":"Cache Performance","missRate":0,"timestamp":"2025-02-05T13:13:49.426Z","totalEntries":0,"totalHits":0,"totalMisses":0}
{"level":"warn","message":"Low cache hit rate, performing cleanup","timestamp":"2025-02-05T13:13:49.426Z"}
{"level":"info","message":"Cleanup of unused cache entries","removedEntries":0,"timestamp":"2025-02-05T13:13:49.427Z","totalEntries":0}
{"hitRate":0,"level":"info","memoryUsage":54297072,"message":"Cache Performance","missRate":0,"timestamp":"2025-02-05T13:13:49.453Z","totalEntries":0,"totalHits":0,"totalMisses":0}
{"level":"warn","message":"Low cache hit rate, performing cleanup","timestamp":"2025-02-05T13:13:49.453Z"}
{"level":"info","message":"Cleanup of unused cache entries","removedEntries":0,"timestamp":"2025-02-05T13:13:49.454Z","totalEntries":0}
{"hitRate":0,"level":"info","memoryUsage":54324688,"message":"Cache Performance","missRate":0,"timestamp":"2025-02-05T13:13:50.386Z","totalEntries":0,"totalHits":0,"totalMisses":0}
{"level":"warn","message":"Low cache hit rate, performing cleanup","timestamp":"2025-02-05T13:13:50.387Z"}
{"level":"info","message":"Cleanup of unused cache entries","removedEntries":0,"timestamp":"2025-02-05T13:13:50.388Z","totalEntries":0}
{"hitRate":0,"level":"info","memoryUsage":54350176,"message":"Cache Performance","missRate":0,"timestamp":"2025-02-05T13:13:50.402Z","totalEntries":0,"totalHits":0,"totalMisses":0}
{"hitRate":0,"level":"info","memoryUsage":54373680,"message":"Cache Performance","missRate":0,"timestamp":"2025-02-05T13:13:50.404Z","totalEntries":0,"totalHits":0,"totalMisses":0}
{"level":"warn","message":"Low cache hit rate, performing cleanup","timestamp":"2025-02-05T13:13:50.403Z"}
{"level":"info","message":"Cleanup of unused cache entries","removedEntries":0,"timestamp":"2025-02-05T13:13:50.403Z","totalEntries":0}
{"level":"warn","message":"Low cache hit rate, performing cleanup","timestamp":"2025-02-05T13:13:50.409Z"}
{"level":"info","message":"Cleanup of unused cache entries","removedEntries":0,"timestamp":"2025-02-05T13:13:50.409Z","totalEntries":0}
{"hitRate":0,"level":"info","memoryUsage":54400368,"message":"Cache Performance","missRate":0,"timestamp":"2025-02-05T13:13:50.417Z","totalEntries":0,"totalHits":0,"totalMisses":0}
{"hitRate":0,"level":"info","memoryUsage":54423872,"message":"Cache Performance","missRate":0,"timestamp":"2025-02-05T13:13:50.419Z","totalEntries":0,"totalHits":0,"totalMisses":0}
{"hitRate":0,"level":"info","memoryUsage":54447376,"message":"Cache Performance","missRate":0,"timestamp":"2025-02-05T13:13:50.420Z","totalEntries":0,"totalHits":0,"totalMisses":0}
{"hitRate":0,"level":"info","memoryUsage":54470880,"message":"Cache Performance","missRate":0,"timestamp":"2025-02-05T13:13:50.422Z","totalEntries":0,"totalHits":0,"totalMisses":0}
{"hitRate":0,"level":"info","memoryUsage":54494432,"message":"Cache Performance","missRate":0,"timestamp":"2025-02-05T13:13:50.424Z","totalEntries":0,"totalHits":0,"totalMisses":0}
{"hitRate":0,"level":"info","memoryUsage":54518000,"message":"Cache Performance","missRate":0,"timestamp":"2025-02-05T13:13:50.425Z","totalEntries":0,"totalHits":0,"totalMisses":0}
{"level":"warn","message":"Low cache hit rate, performing cleanup","timestamp":"2025-02-05T13:13:50.418Z"}
{"level":"info","message":"Cleanup of unused cache entries","removedEntries":0,"timestamp":"2025-02-05T13:13:50.418Z","totalEntries":0}
{"level":"warn","message":"Low cache hit rate, performing cleanup","timestamp":"2025-02-05T13:13:50.420Z"}
{"level":"info","message":"Cleanup of unused cache entries","removedEntries":0,"timestamp":"2025-02-05T13:13:50.420Z","totalEntries":0}
{"level":"warn","message":"Low cache hit rate, performing cleanup","timestamp":"2025-02-05T13:13:50.421Z"}
{"level":"info","message":"Cleanup of unused cache entries","removedEntries":0,"timestamp":"2025-02-05T13:13:50.421Z","totalEntries":0}
{"level":"warn","message":"Low cache hit rate, performing cleanup","timestamp":"2025-02-05T13:13:50.423Z"}
{"level":"info","message":"Cleanup of unused cache entries","removedEntries":0,"timestamp":"2025-02-05T13:13:50.423Z","totalEntries":0}
{"level":"warn","message":"Low cache hit rate, performing cleanup","timestamp":"2025-02-05T13:13:50.424Z"}
{"level":"info","message":"Cleanup of unused cache entries","removedEntries":0,"timestamp":"2025-02-05T13:13:50.425Z","totalEntries":0}
{"level":"warn","message":"Low cache hit rate, performing cleanup","timestamp":"2025-02-05T13:13:50.426Z"}
{"level":"info","message":"Cleanup of unused cache entries","removedEntries":0,"timestamp":"2025-02-05T13:13:50.426Z","totalEntries":0}
{"hitRate":0,"level":"info","memoryUsage":54551392,"message":"Cache Performance","missRate":0,"timestamp":"2025-02-05T13:13:50.427Z","totalEntries":0,"totalHits":0,"totalMisses":0}
{"hitRate":0,"level":"info","memoryUsage":54574896,"message":"Cache Performance","missRate":0,"timestamp":"2025-02-05T13:13:50.428Z","totalEntries":0,"totalHits":0,"totalMisses":0}
{"level":"warn","message":"Low cache hit rate, performing cleanup","timestamp":"2025-02-05T13:13:50.428Z"}
{"level":"info","message":"Cleanup of unused cache entries","removedEntries":0,"timestamp":"2025-02-05T13:13:50.428Z","totalEntries":0}
{"level":"warn","message":"Low cache hit rate, performing cleanup","timestamp":"2025-02-05T13:13:50.429Z"}
{"level":"info","message":"Cleanup of unused cache entries","removedEntries":0,"timestamp":"2025-02-05T13:13:50.430Z","totalEntries":0}
{"hitRate":0,"level":"info","memoryUsage":54603328,"message":"Cache Performance","missRate":0,"timestamp":"2025-02-05T13:13:50.463Z","totalEntries":0,"totalHits":0,"totalMisses":0}
{"level":"warn","message":"Low cache hit rate, performing cleanup","timestamp":"2025-02-05T13:13:50.464Z"}
{"level":"info","message":"Cleanup of unused cache entries","removedEntries":0,"timestamp":"2025-02-05T13:13:50.465Z","totalEntries":0}
{"hitRate":0,"level":"info","memoryUsage":27917032,"message":"Cache Performance","missRate":0,"timestamp":"2025-02-05T13:13:51.390Z","totalEntries":0,"totalHits":0,"totalMisses":0}
{"level":"warn","message":"Low cache hit rate, performing cleanup","timestamp":"2025-02-05T13:13:51.391Z"}
{"level":"info","message":"Cleanup of unused cache entries","removedEntries":0,"timestamp":"2025-02-05T13:13:51.392Z","totalEntries":0}
{"hitRate":0,"level":"info","memoryUsage":27962608,"message":"Cache Performance","missRate":0,"timestamp":"2025-02-05T13:13:51.406Z","totalEntries":0,"totalHits":0,"totalMisses":0}
{"hitRate":0,"level":"info","memoryUsage":27986112,"message":"Cache Performance","missRate":0,"timestamp":"2025-02-05T13:13:51.408Z","totalEntries":0,"totalHits":0,"totalMisses":0}
{"level":"warn","message":"Low cache hit rate, performing cleanup","timestamp":"2025-02-05T13:13:51.407Z"}
{"level":"info","message":"Cleanup of unused cache entries","removedEntries":0,"timestamp":"2025-02-05T13:13:51.407Z","totalEntries":0}
{"level":"warn","message":"Low cache hit rate, performing cleanup","timestamp":"2025-02-05T13:13:51.408Z"}
{"level":"info","message":"Cleanup of unused cache entries","removedEntries":0,"timestamp":"2025-02-05T13:13:51.408Z","totalEntries":0}
{"hitRate":0,"level":"info","memoryUsage":28014472,"message":"Cache Performance","missRate":0,"timestamp":"2025-02-05T13:13:51.421Z","totalEntries":0,"totalHits":0,"totalMisses":0}
{"hitRate":0,"level":"info","memoryUsage":28037976,"message":"Cache Performance","missRate":0,"timestamp":"2025-02-05T13:13:51.423Z","totalEntries":0,"totalHits":0,"totalMisses":0}
{"hitRate":0,"level":"info","memoryUsage":28061704,"message":"Cache Performance","missRate":0,"timestamp":"2025-02-05T13:13:51.425Z","totalEntries":0,"totalHits":0,"totalMisses":0}
{"level":"warn","message":"Low cache hit rate, performing cleanup","timestamp":"2025-02-05T13:13:51.422Z"}
{"level":"info","message":"Cleanup of unused cache entries","removedEntries":0,"timestamp":"2025-02-05T13:13:51.423Z","totalEntries":0}
{"level":"warn","message":"Low cache hit rate, performing cleanup","timestamp":"2025-02-05T13:13:51.424Z"}
{"level":"info","message":"Cleanup of unused cache entries","removedEntries":0,"timestamp":"2025-02-05T13:13:51.424Z","totalEntries":0}
{"level":"warn","message":"Low cache hit rate, performing cleanup","timestamp":"2025-02-05T13:13:51.425Z"}
{"level":"info","message":"Cleanup of unused cache entries","removedEntries":0,"timestamp":"2025-02-05T13:13:51.425Z","totalEntries":0}
{"hitRate":0,"level":"info","memoryUsage":28093704,"message":"Cache Performance","missRate":0,"timestamp":"2025-02-05T13:13:51.426Z","totalEntries":0,"totalHits":0,"totalMisses":0}
{"hitRate":0,"level":"info","memoryUsage":28117208,"message":"Cache Performance","missRate":0,"timestamp":"2025-02-05T13:13:51.429Z","totalEntries":0,"totalHits":0,"totalMisses":0}
{"hitRate":0,"level":"info","memoryUsage":28140712,"message":"Cache Performance","missRate":0,"timestamp":"2025-02-05T13:13:51.430Z","totalEntries":0,"totalHits":0,"totalMisses":0}
{"level":"warn","message":"Low cache hit rate, performing cleanup","timestamp":"2025-02-05T13:13:51.427Z"}
{"level":"info","message":"Cleanup of unused cache entries","removedEntries":0,"timestamp":"2025-02-05T13:13:51.428Z","totalEntries":0}
{"level":"warn","message":"Low cache hit rate, performing cleanup","timestamp":"2025-02-05T13:13:51.429Z"}
{"level":"info","message":"Cleanup of unused cache entries","removedEntries":0,"timestamp":"2025-02-05T13:13:51.430Z","totalEntries":0}
{"level":"warn","message":"Low cache hit rate, performing cleanup","timestamp":"2025-02-05T13:13:51.430Z"}
{"level":"info","message":"Cleanup of unused cache entries","removedEntries":0,"timestamp":"2025-02-05T13:13:51.431Z","totalEntries":0}
{"hitRate":0,"level":"info","memoryUsage":28170224,"message":"Cache Performance","missRate":0,"timestamp":"2025-02-05T13:13:51.431Z","totalEntries":0,"totalHits":0,"totalMisses":0}
{"hitRate":0,"level":"info","memoryUsage":28193728,"message":"Cache Performance","missRate":0,"timestamp":"2025-02-05T13:13:51.432Z","totalEntries":0,"totalHits":0,"totalMisses":0}
{"level":"warn","message":"Low cache hit rate, performing cleanup","timestamp":"2025-02-05T13:13:51.432Z"}
{"level":"warn","message":"Low cache hit rate, performing cleanup","timestamp":"2025-02-05T13:13:51.433Z"}
{"level":"info","message":"Cleanup of unused cache entries","removedEntries":0,"timestamp":"2025-02-05T13:13:51.432Z","totalEntries":0}
{"level":"info","message":"Cleanup of unused cache entries","removedEntries":0,"timestamp":"2025-02-05T13:13:51.433Z","totalEntries":0}
{"hitRate":0,"level":"info","memoryUsage":28222080,"message":"Cache Performance","missRate":0,"timestamp":"2025-02-05T13:13:51.468Z","totalEntries":0,"totalHits":0,"totalMisses":0}
{"level":"warn","message":"Low cache hit rate, performing cleanup","timestamp":"2025-02-05T13:13:51.469Z"}
{"level":"info","message":"Cleanup of unused cache entries","removedEntries":0,"timestamp":"2025-02-05T13:13:51.469Z","totalEntries":0}
{"hitRate":0,"level":"info","memoryUsage":27949128,"message":"Cache Performance","missRate":0,"timestamp":"2025-02-05T13:13:52.391Z","totalEntries":0,"totalHits":0,"totalMisses":0}
{"level":"warn","message":"Low cache hit rate, performing cleanup","timestamp":"2025-02-05T13:13:52.392Z"}
{"level":"info","message":"Cleanup of unused cache entries","removedEntries":0,"timestamp":"2025-02-05T13:13:52.392Z","totalEntries":0}
{"hitRate":0,"level":"info","memoryUsage":28008848,"message":"Cache Performance","missRate":0,"timestamp":"2025-02-05T13:13:52.407Z","totalEntries":0,"totalHits":0,"totalMisses":0}
{"level":"warn","message":"Low cache hit rate, performing cleanup","timestamp":"2025-02-05T13:13:52.408Z"}
{"level":"info","message":"Cleanup of unused cache entries","removedEntries":0,"timestamp":"2025-02-05T13:13:52.409Z","totalEntries":0}
{"hitRate":0,"level":"info","memoryUsage":28035720,"message":"Cache Performance","missRate":0,"timestamp":"2025-02-05T13:13:52.410Z","totalEntries":0,"totalHits":0,"totalMisses":0}
{"level":"warn","message":"Low cache hit rate, performing cleanup","timestamp":"2025-02-05T13:13:52.410Z"}
{"level":"info","message":"Cleanup of unused cache entries","removedEntries":0,"timestamp":"2025-02-05T13:13:52.411Z","totalEntries":0}
{"hitRate":0,"level":"info","memoryUsage":28062736,"message":"Cache Performance","missRate":0,"timestamp":"2025-02-05T13:13:52.423Z","totalEntries":0,"totalHits":0,"totalMisses":0}
{"level":"warn","message":"Low cache hit rate, performing cleanup","timestamp":"2025-02-05T13:13:52.424Z"}
{"level":"info","message":"Cleanup of unused cache entries","removedEntries":0,"timestamp":"2025-02-05T13:13:52.424Z","totalEntries":0}
{"hitRate":0,"level":"info","memoryUsage":28089608,"message":"Cache Performance","missRate":0,"timestamp":"2025-02-05T13:13:52.425Z","totalEntries":0,"totalHits":0,"totalMisses":0}
{"hitRate":0,"level":"info","memoryUsage":28113112,"message":"Cache Performance","missRate":0,"timestamp":"2025-02-05T13:13:52.427Z","totalEntries":0,"totalHits":0,"totalMisses":0}
{"level":"warn","message":"Low cache hit rate, performing cleanup","timestamp":"2025-02-05T13:13:52.426Z"}
{"level":"info","message":"Cleanup of unused cache entries","removedEntries":0,"timestamp":"2025-02-05T13:13:52.426Z","totalEntries":0}
{"level":"warn","message":"Low cache hit rate, performing cleanup","timestamp":"2025-02-05T13:13:52.427Z"}
{"level":"info","message":"Cleanup of unused cache entries","removedEntries":0,"timestamp":"2025-02-05T13:13:52.428Z","totalEntries":0}
{"hitRate":0,"level":"info","memoryUsage":28141288,"message":"Cache Performance","missRate":0,"timestamp":"2025-02-05T13:13:52.428Z","totalEntries":0,"totalHits":0,"totalMisses":0}
{"level":"warn","message":"Low cache hit rate, performing cleanup","timestamp":"2025-02-05T13:13:52.429Z"}
{"level":"info","message":"Cleanup of unused cache entries","removedEntries":0,"timestamp":"2025-02-05T13:13:52.429Z","totalEntries":0}
{"hitRate":0,"level":"info","memoryUsage":28168208,"message":"Cache Performance","missRate":0,"timestamp":"2025-02-05T13:13:52.430Z","totalEntries":0,"totalHits":0,"totalMisses":0}
{"hitRate":0,"level":"info","memoryUsage":28191712,"message":"Cache Performance","missRate":0,"timestamp":"2025-02-05T13:13:52.431Z","totalEntries":0,"totalHits":0,"totalMisses":0}
{"level":"warn","message":"Low cache hit rate, performing cleanup","timestamp":"2025-02-05T13:13:52.430Z"}
{"level":"info","message":"Cleanup of unused cache entries","removedEntries":0,"timestamp":"2025-02-05T13:13:52.431Z","totalEntries":0}
{"level":"warn","message":"Low cache hit rate, performing cleanup","timestamp":"2025-02-05T13:13:52.431Z"}
{"level":"info","message":"Cleanup of unused cache entries","removedEntries":0,"timestamp":"2025-02-05T13:13:52.432Z","totalEntries":0}
{"hitRate":0,"level":"info","memoryUsage":28219888,"message":"Cache Performance","missRate":0,"timestamp":"2025-02-05T13:13:52.432Z","totalEntries":0,"totalHits":0,"totalMisses":0}
{"hitRate":0,"level":"info","memoryUsage":28243616,"message":"Cache Performance","missRate":0,"timestamp":"2025-02-05T13:13:52.434Z","totalEntries":0,"totalHits":0,"totalMisses":0}
{"level":"warn","message":"Low cache hit rate, performing cleanup","timestamp":"2025-02-05T13:13:52.433Z"}
{"level":"info","message":"Cleanup of unused cache entries","removedEntries":0,"timestamp":"2025-02-05T13:13:52.433Z","totalEntries":0}
{"level":"warn","message":"Low cache hit rate, performing cleanup","timestamp":"2025-02-05T13:13:52.434Z"}
{"level":"info","message":"Cleanup of unused cache entries","removedEntries":0,"timestamp":"2025-02-05T13:13:52.434Z","totalEntries":0}
{"hitRate":0,"level":"info","memoryUsage":28272008,"message":"Cache Performance","missRate":0,"timestamp":"2025-02-05T13:13:52.469Z","totalEntries":0,"totalHits":0,"totalMisses":0}
{"level":"warn","message":"Low cache hit rate, performing cleanup","timestamp":"2025-02-05T13:13:52.469Z"}
{"level":"info","message":"Cleanup of unused cache entries","removedEntries":0,"timestamp":"2025-02-05T13:13:52.469Z","totalEntries":0}
{"hitRate":0,"level":"info","memoryUsage":28299192,"message":"Cache Performance","missRate":0,"timestamp":"2025-02-05T13:13:53.397Z","totalEntries":0,"totalHits":0,"totalMisses":0}
{"level":"warn","message":"Low cache hit rate, performing cleanup","timestamp":"2025-02-05T13:13:53.398Z"}
{"level":"info","message":"Cleanup of unused cache entries","removedEntries":0,"timestamp":"2025-02-05T13:13:53.399Z","totalEntries":0}
{"hitRate":0,"level":"info","memoryUsage":28324520,"message":"Cache Performance","missRate":0,"timestamp":"2025-02-05T13:13:53.411Z","totalEntries":0,"totalHits":0,"totalMisses":0}
{"hitRate":0,"level":"info","memoryUsage":28348024,"message":"Cache Performance","missRate":0,"timestamp":"2025-02-05T13:13:53.413Z","totalEntries":0,"totalHits":0,"totalMisses":0}
{"level":"warn","message":"Low cache hit rate, performing cleanup","timestamp":"2025-02-05T13:13:53.412Z"}
{"level":"info","message":"Cleanup of unused cache entries","removedEntries":0,"timestamp":"2025-02-05T13:13:53.412Z","totalEntries":0}
{"level":"warn","message":"Low cache hit rate, performing cleanup","timestamp":"2025-02-05T13:13:53.413Z"}
{"level":"info","message":"Cleanup of unused cache entries","removedEntries":0,"timestamp":"2025-02-05T13:13:53.414Z","totalEntries":0}
{"hitRate":0,"level":"info","memoryUsage":28376328,"message":"Cache Performance","missRate":0,"timestamp":"2025-02-05T13:13:53.426Z","totalEntries":0,"totalHits":0,"totalMisses":0}
{"hitRate":0,"level":"info","memoryUsage":28399888,"message":"Cache Performance","missRate":0,"timestamp":"2025-02-05T13:13:53.428Z","totalEntries":0,"totalHits":0,"totalMisses":0}
{"hitRate":0,"level":"info","memoryUsage":28423392,"message":"Cache Performance","missRate":0,"timestamp":"2025-02-05T13:13:53.430Z","totalEntries":0,"totalHits":0,"totalMisses":0}
{"level":"warn","message":"Low cache hit rate, performing cleanup","timestamp":"2025-02-05T13:13:53.427Z"}
{"level":"info","message":"Cleanup of unused cache entries","removedEntries":0,"timestamp":"2025-02-05T13:13:53.428Z","totalEntries":0}
{"level":"warn","message":"Low cache hit rate, performing cleanup","timestamp":"2025-02-05T13:13:53.430Z"}
{"level":"info","message":"Cleanup of unused cache entries","removedEntries":0,"timestamp":"2025-02-05T13:13:53.431Z","totalEntries":0}
{"level":"warn","message":"Low cache hit rate, performing cleanup","timestamp":"2025-02-05T13:13:53.429Z"}
{"level":"info","message":"Cleanup of unused cache entries","removedEntries":0,"timestamp":"2025-02-05T13:13:53.429Z","totalEntries":0}
{"hitRate":0,"level":"info","memoryUsage":28452840,"message":"Cache Performance","missRate":0,"timestamp":"2025-02-05T13:13:53.431Z","totalEntries":0,"totalHits":0,"totalMisses":0}
{"hitRate":0,"level":"info","memoryUsage":28476344,"message":"Cache Performance","missRate":0,"timestamp":"2025-02-05T13:13:53.433Z","totalEntries":0,"totalHits":0,"totalMisses":0}
{"hitRate":0,"level":"info","memoryUsage":28499848,"message":"Cache Performance","missRate":0,"timestamp":"2025-02-05T13:13:53.434Z","totalEntries":0,"totalHits":0,"totalMisses":0}
{"level":"warn","message":"Low cache hit rate, performing cleanup","timestamp":"2025-02-05T13:13:53.432Z"}
{"level":"info","message":"Cleanup of unused cache entries","removedEntries":0,"timestamp":"2025-02-05T13:13:53.432Z","totalEntries":0}
{"level":"warn","message":"Low cache hit rate, performing cleanup","timestamp":"2025-02-05T13:13:53.433Z"}
{"level":"info","message":"Cleanup of unused cache entries","removedEntries":0,"timestamp":"2025-02-05T13:13:53.434Z","totalEntries":0}
{"level":"warn","message":"Low cache hit rate, performing cleanup","timestamp":"2025-02-05T13:13:53.435Z"}
{"level":"info","message":"Cleanup of unused cache entries","removedEntries":0,"timestamp":"2025-02-05T13:13:53.435Z","totalEntries":0}
{"hitRate":0,"level":"info","memoryUsage":28529344,"message":"Cache Performance","missRate":0,"timestamp":"2025-02-05T13:13:53.435Z","totalEntries":0,"totalHits":0,"totalMisses":0}
{"hitRate":0,"level":"info","memoryUsage":28552848,"message":"Cache Performance","missRate":0,"timestamp":"2025-02-05T13:13:53.436Z","totalEntries":0,"totalHits":0,"totalMisses":0}
{"level":"warn","message":"Low cache hit rate, performing cleanup","timestamp":"2025-02-05T13:13:53.436Z"}
{"level":"info","message":"Cleanup of unused cache entries","removedEntries":0,"timestamp":"2025-02-05T13:13:53.436Z","totalEntries":0}
{"level":"warn","message":"Low cache hit rate, performing cleanup","timestamp":"2025-02-05T13:13:53.437Z"}
{"level":"info","message":"Cleanup of unused cache entries","removedEntries":0,"timestamp":"2025-02-05T13:13:53.437Z","totalEntries":0}
{"hitRate":0,"level":"info","memoryUsage":28581200,"message":"Cache Performance","missRate":0,"timestamp":"2025-02-05T13:13:53.472Z","totalEntries":0,"totalHits":0,"totalMisses":0}
{"level":"warn","message":"Low cache hit rate, performing cleanup","timestamp":"2025-02-05T13:13:53.473Z"}
{"level":"info","message":"Cleanup of unused cache entries","removedEntries":0,"timestamp":"2025-02-05T13:13:53.473Z","totalEntries":0}
{"hitRate":0,"level":"info","memoryUsage":28606528,"message":"Cache Performance","missRate":0,"timestamp":"2025-02-05T13:13:54.404Z","totalEntries":0,"totalHits":0,"totalMisses":0}
{"level":"warn","message":"Low cache hit rate, performing cleanup","timestamp":"2025-02-05T13:13:54.405Z"}
{"level":"info","message":"Cleanup of unused cache entries","removedEntries":0,"timestamp":"2025-02-05T13:13:54.405Z","totalEntries":0}
{"hitRate":0,"level":"info","memoryUsage":28631856,"message":"Cache Performance","missRate":0,"timestamp":"2025-02-05T13:13:54.420Z","totalEntries":0,"totalHits":0,"totalMisses":0}
{"hitRate":0,"level":"info","memoryUsage":28655360,"message":"Cache Performance","missRate":0,"timestamp":"2025-02-05T13:13:54.421Z","totalEntries":0,"totalHits":0,"totalMisses":0}
{"level":"warn","message":"Low cache hit rate, performing cleanup","timestamp":"2025-02-05T13:13:54.420Z"}
{"level":"info","message":"Cleanup of unused cache entries","removedEntries":0,"timestamp":"2025-02-05T13:13:54.421Z","totalEntries":0}
{"level":"warn","message":"Low cache hit rate, performing cleanup","timestamp":"2025-02-05T13:13:54.422Z"}
{"level":"info","message":"Cleanup of unused cache entries","removedEntries":0,"timestamp":"2025-02-05T13:13:54.422Z","totalEntries":0}
{"hitRate":0,"level":"info","memoryUsage":28683960,"message":"Cache Performance","missRate":0,"timestamp":"2025-02-05T13:13:54.436Z","totalEntries":0,"totalHits":0,"totalMisses":0}
{"hitRate":0,"level":"info","memoryUsage":28707464,"message":"Cache Performance","missRate":0,"timestamp":"2025-02-05T13:13:54.438Z","totalEntries":0,"totalHits":0,"totalMisses":0}
{"hitRate":0,"level":"info","memoryUsage":28730968,"message":"Cache Performance","missRate":0,"timestamp":"2025-02-05T13:13:54.440Z","totalEntries":0,"totalHits":0,"totalMisses":0}
{"hitRate":0,"level":"info","memoryUsage":28754472,"message":"Cache Performance","missRate":0,"timestamp":"2025-02-05T13:13:54.441Z","totalEntries":0,"totalHits":0,"totalMisses":0}
{"hitRate":0,"level":"info","memoryUsage":28777976,"message":"Cache Performance","missRate":0,"timestamp":"2025-02-05T13:13:54.443Z","totalEntries":0,"totalHits":0,"totalMisses":0}
{"hitRate":0,"level":"info","memoryUsage":28801480,"message":"Cache Performance","missRate":0,"timestamp":"2025-02-05T13:13:54.444Z","totalEntries":0,"totalHits":0,"totalMisses":0}
{"hitRate":0,"level":"info","memoryUsage":28824984,"message":"Cache Performance","missRate":0,"timestamp":"2025-02-05T13:13:54.445Z","totalEntries":0,"totalHits":0,"totalMisses":0}
{"hitRate":0,"level":"info","memoryUsage":28848488,"message":"Cache Performance","missRate":0,"timestamp":"2025-02-05T13:13:54.446Z","totalEntries":0,"totalHits":0,"totalMisses":0}
{"level":"warn","message":"Low cache hit rate, performing cleanup","timestamp":"2025-02-05T13:13:54.437Z"}
{"level":"warn","message":"Low cache hit rate, performing cleanup","timestamp":"2025-02-05T13:13:54.439Z"}
{"level":"info","message":"Cleanup of unused cache entries","removedEntries":0,"timestamp":"2025-02-05T13:13:54.439Z","totalEntries":0}
{"level":"warn","message":"Low cache hit rate, performing cleanup","timestamp":"2025-02-05T13:13:54.440Z"}
{"level":"info","message":"Cleanup of unused cache entries","removedEntries":0,"timestamp":"2025-02-05T13:13:54.437Z","totalEntries":0}
{"level":"warn","message":"Low cache hit rate, performing cleanup","timestamp":"2025-02-05T13:13:54.442Z"}
{"level":"info","message":"Cleanup of unused cache entries","removedEntries":0,"timestamp":"2025-02-05T13:13:54.440Z","totalEntries":0}
{"level":"warn","message":"Low cache hit rate, performing cleanup","timestamp":"2025-02-05T13:13:54.443Z"}
{"level":"info","message":"Cleanup of unused cache entries","removedEntries":0,"timestamp":"2025-02-05T13:13:54.442Z","totalEntries":0}
{"level":"warn","message":"Low cache hit rate, performing cleanup","timestamp":"2025-02-05T13:13:54.444Z"}
{"level":"info","message":"Cleanup of unused cache entries","removedEntries":0,"timestamp":"2025-02-05T13:13:54.443Z","totalEntries":0}
{"level":"warn","message":"Low cache hit rate, performing cleanup","timestamp":"2025-02-05T13:13:54.445Z"}
{"level":"warn","message":"Low cache hit rate, performing cleanup","timestamp":"2025-02-05T13:13:54.447Z"}
{"level":"info","message":"Cleanup of unused cache entries","removedEntries":0,"timestamp":"2025-02-05T13:13:54.445Z","totalEntries":0}
{"level":"info","message":"Cleanup of unused cache entries","removedEntries":0,"timestamp":"2025-02-05T13:13:54.446Z","totalEntries":0}
{"level":"info","message":"Cleanup of unused cache entries","removedEntries":0,"timestamp":"2025-02-05T13:13:54.447Z","totalEntries":0}
{"hitRate":0,"level":"info","memoryUsage":28884728,"message":"Cache Performance","missRate":0,"timestamp":"2025-02-05T13:13:54.482Z","totalEntries":0,"totalHits":0,"totalMisses":0}
{"level":"warn","message":"Low cache hit rate, performing cleanup","timestamp":"2025-02-05T13:13:54.482Z"}
{"level":"info","message":"Cleanup of unused cache entries","removedEntries":0,"timestamp":"2025-02-05T13:13:54.483Z","totalEntries":0}
{"hitRate":0,"level":"info","memoryUsage":28910056,"message":"Cache Performance","missRate":0,"timestamp":"2025-02-05T13:13:55.418Z","totalEntries":0,"totalHits":0,"totalMisses":0}
{"level":"warn","message":"Low cache hit rate, performing cleanup","timestamp":"2025-02-05T13:13:55.420Z"}
{"level":"info","message":"Cleanup of unused cache entries","removedEntries":0,"timestamp":"2025-02-05T13:13:55.420Z","totalEntries":0}
{"hitRate":0,"level":"info","memoryUsage":27969456,"message":"Cache Performance","missRate":0,"timestamp":"2025-02-05T13:13:55.421Z","totalEntries":0,"totalHits":0,"totalMisses":0}
{"hitRate":0,"level":"info","memoryUsage":27992960,"message":"Cache Performance","missRate":0,"timestamp":"2025-02-05T13:13:55.422Z","totalEntries":0,"totalHits":0,"totalMisses":0}
{"level":"warn","message":"Low cache hit rate, performing cleanup","timestamp":"2025-02-05T13:13:55.421Z"}
{"level":"info","message":"Cleanup of unused cache entries","removedEntries":0,"timestamp":"2025-02-05T13:13:55.422Z","totalEntries":0}
{"level":"warn","message":"Low cache hit rate, performing cleanup","timestamp":"2025-02-05T13:13:55.422Z"}
{"level":"info","message":"Cleanup of unused cache entries","removedEntries":0,"timestamp":"2025-02-05T13:13:55.423Z","totalEntries":0}
{"hitRate":0,"level":"info","memoryUsage":28021264,"message":"Cache Performance","missRate":0,"timestamp":"2025-02-05T13:13:55.450Z","totalEntries":0,"totalHits":0,"totalMisses":0}
{"hitRate":0,"level":"info","memoryUsage":28044768,"message":"Cache Performance","missRate":0,"timestamp":"2025-02-05T13:13:55.451Z","totalEntries":0,"totalHits":0,"totalMisses":0}
{"hitRate":0,"level":"info","memoryUsage":28068272,"message":"Cache Performance","missRate":0,"timestamp":"2025-02-05T13:13:55.453Z","totalEntries":0,"totalHits":0,"totalMisses":0}
{"hitRate":0,"level":"info","memoryUsage":28091776,"message":"Cache Performance","missRate":0,"timestamp":"2025-02-05T13:13:55.454Z","totalEntries":0,"totalHits":0,"totalMisses":0}
{"hitRate":0,"level":"info","memoryUsage":28115280,"message":"Cache Performance","missRate":0,"timestamp":"2025-02-05T13:13:55.455Z","totalEntries":0,"totalHits":0,"totalMisses":0}
{"hitRate":0,"level":"info","memoryUsage":28139008,"message":"Cache Performance","missRate":0,"timestamp":"2025-02-05T13:13:55.456Z","totalEntries":0,"totalHits":0,"totalMisses":0}
{"hitRate":0,"level":"info","memoryUsage":28162520,"message":"Cache Performance","missRate":0,"timestamp":"2025-02-05T13:13:55.457Z","totalEntries":0,"totalHits":0,"totalMisses":0}
{"hitRate":0,"level":"info","memoryUsage":28186024,"message":"Cache Performance","missRate":0,"timestamp":"2025-02-05T13:13:55.459Z","totalEntries":0,"totalHits":0,"totalMisses":0}
{"level":"warn","message":"Low cache hit rate, performing cleanup","timestamp":"2025-02-05T13:13:55.451Z"}
{"level":"info","message":"Cleanup of unused cache entries","removedEntries":0,"timestamp":"2025-02-05T13:13:55.451Z","totalEntries":0}
{"level":"warn","message":"Low cache hit rate, performing cleanup","timestamp":"2025-02-05T13:13:55.452Z"}
{"level":"warn","message":"Low cache hit rate, performing cleanup","timestamp":"2025-02-05T13:13:55.454Z"}
{"level":"warn","message":"Low cache hit rate, performing cleanup","timestamp":"2025-02-05T13:13:55.453Z"}
{"level":"warn","message":"Low cache hit rate, performing cleanup","timestamp":"2025-02-05T13:13:55.455Z"}
{"level":"info","message":"Cleanup of unused cache entries","removedEntries":0,"timestamp":"2025-02-05T13:13:55.452Z","totalEntries":0}
{"level":"info","message":"Cleanup of unused cache entries","removedEntries":0,"timestamp":"2025-02-05T13:13:55.454Z","totalEntries":0}
{"level":"info","message":"Cleanup of unused cache entries","removedEntries":0,"timestamp":"2025-02-05T13:13:55.453Z","totalEntries":0}
{"level":"info","message":"Cleanup of unused cache entries","removedEntries":0,"timestamp":"2025-02-05T13:13:55.455Z","totalEntries":0}
{"level":"warn","message":"Low cache hit rate, performing cleanup","timestamp":"2025-02-05T13:13:55.456Z"}
{"level":"warn","message":"Low cache hit rate, performing cleanup","timestamp":"2025-02-05T13:13:55.457Z"}
{"level":"warn","message":"Low cache hit rate, performing cleanup","timestamp":"2025-02-05T13:13:55.460Z"}
{"level":"info","message":"Cleanup of unused cache entries","removedEntries":0,"timestamp":"2025-02-05T13:13:55.456Z","totalEntries":0}
{"level":"info","message":"Cleanup of unused cache entries","removedEntries":0,"timestamp":"2025-02-05T13:13:55.458Z","totalEntries":0}
{"level":"info","message":"Cleanup of unused cache entries","removedEntries":0,"timestamp":"2025-02-05T13:13:55.460Z","totalEntries":0}
{"hitRate":0,"level":"info","memoryUsage":28222432,"message":"Cache Performance","missRate":0,"timestamp":"2025-02-05T13:13:55.496Z","totalEntries":0,"totalHits":0,"totalMisses":0}
{"level":"warn","message":"Low cache hit rate, performing cleanup","timestamp":"2025-02-05T13:13:55.497Z"}
{"level":"info","message":"Cleanup of unused cache entries","removedEntries":0,"timestamp":"2025-02-05T13:13:55.497Z","totalEntries":0}
{"hitRate":0,"level":"info","memoryUsage":28248248,"message":"Cache Performance","missRate":0,"timestamp":"2025-02-05T13:13:56.420Z","totalEntries":0,"totalHits":0,"totalMisses":0}
{"level":"warn","message":"Low cache hit rate, performing cleanup","timestamp":"2025-02-05T13:13:56.420Z"}
{"level":"info","message":"Cleanup of unused cache entries","removedEntries":0,"timestamp":"2025-02-05T13:13:56.421Z","totalEntries":0}
{"hitRate":0,"level":"info","memoryUsage":28274608,"message":"Cache Performance","missRate":0,"timestamp":"2025-02-05T13:13:56.422Z","totalEntries":0,"totalHits":0,"totalMisses":0}
{"level":"warn","message":"Low cache hit rate, performing cleanup","timestamp":"2025-02-05T13:13:56.422Z"}
{"level":"info","message":"Cleanup of unused cache entries","removedEntries":0,"timestamp":"2025-02-05T13:13:56.423Z","totalEntries":0}
{"hitRate":0,"level":"info","memoryUsage":28300984,"message":"Cache Performance","missRate":0,"timestamp":"2025-02-05T13:13:56.423Z","totalEntries":0,"totalHits":0,"totalMisses":0}
{"level":"warn","message":"Low cache hit rate, performing cleanup","timestamp":"2025-02-05T13:13:56.424Z"}
{"level":"info","message":"Cleanup of unused cache entries","removedEntries":0,"timestamp":"2025-02-05T13:13:56.424Z","totalEntries":0}
{"hitRate":0,"level":"info","memoryUsage":28340400,"message":"Cache Performance","missRate":0,"timestamp":"2025-02-05T13:13:56.451Z","totalEntries":0,"totalHits":0,"totalMisses":0}
{"hitRate":0,"level":"info","memoryUsage":28361640,"message":"Cache Performance","missRate":0,"timestamp":"2025-02-05T13:13:56.453Z","totalEntries":0,"totalHits":0,"totalMisses":0}
{"level":"warn","message":"Low cache hit rate, performing cleanup","timestamp":"2025-02-05T13:13:56.452Z"}
{"level":"warn","message":"Low cache hit rate, performing cleanup","timestamp":"2025-02-05T13:13:56.453Z"}
{"level":"info","message":"Cleanup of unused cache entries","removedEntries":0,"timestamp":"2025-02-05T13:13:56.453Z","totalEntries":0}
{"level":"info","message":"Cleanup of unused cache entries","removedEntries":0,"timestamp":"2025-02-05T13:13:56.454Z","totalEntries":0}
{"hitRate":0,"level":"info","memoryUsage":28387344,"message":"Cache Performance","missRate":0,"timestamp":"2025-02-05T13:13:56.454Z","totalEntries":0,"totalHits":0,"totalMisses":0}
{"hitRate":0,"level":"info","memoryUsage":28408584,"message":"Cache Performance","missRate":0,"timestamp":"2025-02-05T13:13:56.455Z","totalEntries":0,"totalHits":0,"totalMisses":0}
{"hitRate":0,"level":"info","memoryUsage":28429848,"message":"Cache Performance","missRate":0,"timestamp":"2025-02-05T13:13:56.458Z","totalEntries":0,"totalHits":0,"totalMisses":0}
{"level":"warn","message":"Low cache hit rate, performing cleanup","timestamp":"2025-02-05T13:13:56.455Z"}
{"level":"info","message":"Cleanup of unused cache entries","removedEntries":0,"timestamp":"2025-02-05T13:13:56.455Z","totalEntries":0}
{"level":"warn","message":"Low cache hit rate, performing cleanup","timestamp":"2025-02-05T13:13:56.456Z"}
{"level":"info","message":"Cleanup of unused cache entries","removedEntries":0,"timestamp":"2025-02-05T13:13:56.456Z","totalEntries":0}
{"level":"warn","message":"Low cache hit rate, performing cleanup","timestamp":"2025-02-05T13:13:56.459Z"}
{"level":"info","message":"Cleanup of unused cache entries","removedEntries":0,"timestamp":"2025-02-05T13:13:56.467Z","totalEntries":0}
{"hitRate":0,"level":"info","memoryUsage":28456776,"message":"Cache Performance","missRate":0,"timestamp":"2025-02-05T13:13:56.471Z","totalEntries":0,"totalHits":0,"totalMisses":0}
{"hitRate":0,"level":"info","memoryUsage":28478016,"message":"Cache Performance","missRate":0,"timestamp":"2025-02-05T13:13:56.472Z","totalEntries":0,"totalHits":0,"totalMisses":0}
{"hitRate":0,"level":"info","memoryUsage":28499256,"message":"Cache Performance","missRate":0,"timestamp":"2025-02-05T13:13:56.473Z","totalEntries":0,"totalHits":0,"totalMisses":0}
{"level":"warn","message":"Low cache hit rate, performing cleanup","timestamp":"2025-02-05T13:13:56.471Z"}
{"level":"info","message":"Cleanup of unused cache entries","removedEntries":0,"timestamp":"2025-02-05T13:13:56.471Z","totalEntries":0}
{"level":"warn","message":"Low cache hit rate, performing cleanup","timestamp":"2025-02-05T13:13:56.472Z"}
{"level":"info","message":"Cleanup of unused cache entries","removedEntries":0,"timestamp":"2025-02-05T13:13:56.473Z","totalEntries":0}
{"level":"warn","message":"Low cache hit rate, performing cleanup","timestamp":"2025-02-05T13:13:56.474Z"}
{"level":"info","message":"Cleanup of unused cache entries","removedEntries":0,"timestamp":"2025-02-05T13:13:56.474Z","totalEntries":0}
{"hitRate":0,"level":"info","memoryUsage":28526024,"message":"Cache Performance","missRate":0,"timestamp":"2025-02-05T13:13:56.498Z","totalEntries":0,"totalHits":0,"totalMisses":0}
{"level":"warn","message":"Low cache hit rate, performing cleanup","timestamp":"2025-02-05T13:13:56.499Z"}
{"level":"info","message":"Cleanup of unused cache entries","removedEntries":0,"timestamp":"2025-02-05T13:13:56.499Z","totalEntries":0}
{"hitRate":0,"level":"info","memoryUsage":28548224,"message":"Cache Performance","missRate":0,"timestamp":"2025-02-05T13:13:57.426Z","totalEntries":0,"totalHits":0,"totalMisses":0}
{"hitRate":0,"level":"info","memoryUsage":28569064,"message":"Cache Performance","missRate":0,"timestamp":"2025-02-05T13:13:57.428Z","totalEntries":0,"totalHits":0,"totalMisses":0}
{"hitRate":0,"level":"info","memoryUsage":28589680,"message":"Cache Performance","missRate":0,"timestamp":"2025-02-05T13:13:57.429Z","totalEntries":0,"totalHits":0,"totalMisses":0}
{"level":"warn","message":"Low cache hit rate, performing cleanup","timestamp":"2025-02-05T13:13:57.428Z"}
{"level":"info","message":"Cleanup of unused cache entries","removedEntries":0,"timestamp":"2025-02-05T13:13:57.428Z","totalEntries":0}
{"level":"warn","message":"Low cache hit rate, performing cleanup","timestamp":"2025-02-05T13:13:57.427Z"}
{"level":"warn","message":"Low cache hit rate, performing cleanup","timestamp":"2025-02-05T13:13:57.429Z"}
{"level":"info","message":"Cleanup of unused cache entries","removedEntries":0,"timestamp":"2025-02-05T13:13:57.429Z","totalEntries":0}
{"level":"info","message":"Cleanup of unused cache entries","removedEntries":0,"timestamp":"2025-02-05T13:13:57.427Z","totalEntries":0}
{"hitRate":0,"level":"info","memoryUsage":28614048,"message":"Cache Performance","missRate":0,"timestamp":"2025-02-05T13:13:57.456Z","totalEntries":0,"totalHits":0,"totalMisses":0}
{"hitRate":0,"level":"info","memoryUsage":28634664,"message":"Cache Performance","missRate":0,"timestamp":"2025-02-05T13:13:57.458Z","totalEntries":0,"totalHits":0,"totalMisses":0}
{"hitRate":0,"level":"info","memoryUsage":28655640,"message":"Cache Performance","missRate":0,"timestamp":"2025-02-05T13:13:57.459Z","totalEntries":0,"totalHits":0,"totalMisses":0}
{"hitRate":0,"level":"info","memoryUsage":28676280,"message":"Cache Performance","missRate":0,"timestamp":"2025-02-05T13:13:57.461Z","totalEntries":0,"totalHits":0,"totalMisses":0}
{"level":"warn","message":"Low cache hit rate, performing cleanup","timestamp":"2025-02-05T13:13:57.458Z"}
{"level":"warn","message":"Low cache hit rate, performing cleanup","timestamp":"2025-02-05T13:13:57.457Z"}
{"level":"info","message":"Cleanup of unused cache entries","removedEntries":0,"timestamp":"2025-02-05T13:13:57.459Z","totalEntries":0}
{"level":"info","message":"Cleanup of unused cache entries","removedEntries":0,"timestamp":"2025-02-05T13:13:57.457Z","totalEntries":0}
{"level":"warn","message":"Low cache hit rate, performing cleanup","timestamp":"2025-02-05T13:13:57.462Z"}
{"hitRate":0,"level":"info","memoryUsage":28701480,"message":"Cache Performance","missRate":0,"timestamp":"2025-02-05T13:13:57.463Z","totalEntries":0,"totalHits":0,"totalMisses":0}
{"level":"warn","message":"Low cache hit rate, performing cleanup","timestamp":"2025-02-05T13:13:57.460Z"}
{"level":"info","message":"Cleanup of unused cache entries","removedEntries":0,"timestamp":"2025-02-05T13:13:57.462Z","totalEntries":0}
{"level":"info","message":"Cleanup of unused cache entries","removedEntries":0,"timestamp":"2025-02-05T13:13:57.461Z","totalEntries":0}
{"level":"warn","message":"Low cache hit rate, performing cleanup","timestamp":"2025-02-05T13:13:57.463Z"}
{"level":"info","message":"Cleanup of unused cache entries","removedEntries":0,"timestamp":"2025-02-05T13:13:57.463Z","totalEntries":0}
{"hitRate":0,"level":"info","memoryUsage":28723728,"message":"Cache Performance","missRate":0,"timestamp":"2025-02-05T13:13:57.472Z","totalEntries":0,"totalHits":0,"totalMisses":0}
{"level":"warn","message":"Low cache hit rate, performing cleanup","timestamp":"2025-02-05T13:13:57.473Z"}
{"level":"info","message":"Cleanup of unused cache entries","removedEntries":0,"timestamp":"2025-02-05T13:13:57.473Z","totalEntries":0}
{"hitRate":0,"level":"info","memoryUsage":28745784,"message":"Cache Performance","missRate":0,"timestamp":"2025-02-05T13:13:57.474Z","totalEntries":0,"totalHits":0,"totalMisses":0}
{"hitRate":0,"level":"info","memoryUsage":28766400,"message":"Cache Performance","missRate":0,"timestamp":"2025-02-05T13:13:57.475Z","totalEntries":0,"totalHits":0,"totalMisses":0}
{"level":"warn","message":"Low cache hit rate, performing cleanup","timestamp":"2025-02-05T13:13:57.475Z"}
{"level":"warn","message":"Low cache hit rate, performing cleanup","timestamp":"2025-02-05T13:13:57.474Z"}
{"level":"info","message":"Cleanup of unused cache entries","removedEntries":0,"timestamp":"2025-02-05T13:13:57.476Z","totalEntries":0}
{"level":"info","message":"Cleanup of unused cache entries","removedEntries":0,"timestamp":"2025-02-05T13:13:57.474Z","totalEntries":0}
{"hitRate":0,"level":"info","memoryUsage":28789664,"message":"Cache Performance","missRate":0,"timestamp":"2025-02-05T13:13:57.503Z","totalEntries":0,"totalHits":0,"totalMisses":0}
{"level":"warn","message":"Low cache hit rate, performing cleanup","timestamp":"2025-02-05T13:13:57.504Z"}
{"level":"info","message":"Cleanup of unused cache entries","removedEntries":0,"timestamp":"2025-02-05T13:13:57.505Z","totalEntries":0}
